1628823819071	geckodriver	INFO	Listening on 127.0.0.1:60874
1628823819135	mozrunner::runner	INFO	Running command: "/Applications/Firefox.app/Contents/MacOS/firefox-bin" "--marionette" "-foreground" "-no-remote" "-profile" "/var/folders/mz/x153hq711r502vlzf0q4859c0000gn/T/rust_mozprofileWXERYk"
2021-08-13 11:03:43.981 firefox-bin[25957:4033068] Warning: Expected min height of view: (<NSButton: 0x121c65400>) to be less than or equal to 30 but got a height of 32.000000. This error will be logged once per view in violation.
2021-08-13 11:03:43.981 firefox-bin[25957:4033068] Warning: Expected min height of view: (<NSButton: 0x12f010800>) to be less than or equal to 30 but got a height of 32.000000. This error will be logged once per view in violation.
2021-08-13 11:03:43.982 firefox-bin[25957:4033068] Warning: Expected min height of view: (<NSButton: 0x12f011800>) to be less than or equal to 30 but got a height of 32.000000. This error will be logged once per view in violation.
2021-08-13 11:03:43.982 firefox-bin[25957:4033068] Warning: Expected min height of view: (<NSButton: 0x12f0a7c00>) to be less than or equal to 30 but got a height of 32.000000. This error will be logged once per view in violation.
2021-08-13 11:03:43.983 firefox-bin[25957:4033068] Warning: Expected min height of view: (<NSButton: 0x12f0a7400>) to be less than or equal to 30 but got a height of 32.000000. This error will be logged once per view in violation.
2021-08-13 11:03:43.983 firefox-bin[25957:4033068] Warning: Expected min height of view: (<NSPopoverTouchBarItemButton: 0x12f0a7800>) to be less than or equal to 30 but got a height of 32.000000. This error will be logged once per view in violation.
2021-08-13 11:03:43.983 firefox-bin[25957:4033068] Warning: Expected min height of view: (<NSPopoverTouchBarItemButton: 0x12f0b0400>) to be less than or equal to 30 but got a height of 32.000000. This error will be logged once per view in violation.
console.warn: SearchSettings: "get: No settings file exists, new profile?" (new Error("", "(unknown module)"))
1628823825166	Marionette	INFO	Listening on port 60879
1628823825279	Marionette	WARN	TLS certificate errors will be ignored for this session
1628823825288	Marionette	ERROR	[19] No reply from Marionette:Register
1628823909885	geckodriver	INFO	Listening on 127.0.0.1:61160
1628823909893	mozrunner::runner	INFO	Running command: "/Applications/Firefox.app/Contents/MacOS/firefox-bin" "--marionette" "-foreground" "-no-remote" "-profile" "/var/folders/mz/x153hq711r502vlzf0q4859c0000gn/T/rust_mozprofileGTVqtp"
2021-08-13 11:05:11.452 firefox-bin[26382:4035457] Warning: Expected min height of view: (<NSButton: 0x1305c9000>) to be less than or equal to 30 but got a height of 32.000000. This error will be logged once per view in violation.
2021-08-13 11:05:11.452 firefox-bin[26382:4035457] Warning: Expected min height of view: (<NSButton: 0x13c362c00>) to be less than or equal to 30 but got a height of 32.000000. This error will be logged once per view in violation.
2021-08-13 11:05:11.453 firefox-bin[26382:4035457] Warning: Expected min height of view: (<NSButton: 0x13c35f000>) to be less than or equal to 30 but got a height of 32.000000. This error will be logged once per view in violation.
2021-08-13 11:05:11.453 firefox-bin[26382:4035457] Warning: Expected min height of view: (<NSButton: 0x13c35f400>) to be less than or equal to 30 but got a height of 32.000000. This error will be logged once per view in violation.
2021-08-13 11:05:11.454 firefox-bin[26382:4035457] Warning: Expected min height of view: (<NSButton: 0x13c360000>) to be less than or equal to 30 but got a height of 32.000000. This error will be logged once per view in violation.
2021-08-13 11:05:11.454 firefox-bin[26382:4035457] Warning: Expected min height of view: (<NSPopoverTouchBarItemButton: 0x13c35e400>) to be less than or equal to 30 but got a height of 32.000000. This error will be logged once per view in violation.
2021-08-13 11:05:11.455 firefox-bin[26382:4035457] Warning: Expected min height of view: (<NSPopoverTouchBarItemButton: 0x13c366800>) to be less than or equal to 30 but got a height of 32.000000. This error will be logged once per view in violation.
console.warn: SearchSettings: "get: No settings file exists, new profile?" (new Error("", "(unknown module)"))
1628823912529	Marionette	INFO	Listening on port 61165
1628823912571	Marionette	WARN	TLS certificate errors will be ignored for this session
1628823912585	Marionette	ERROR	[19] No reply from Marionette:Register
1628824014461	Marionette	INFO	Stopped listening on port 61165

###!!! [Parent][RunMessage] Error: Channel closing: too late to send/recv, messages will be lost

1628824016757	geckodriver	INFO	Listening on 127.0.0.1:61360
1628824016765	mozrunner::runner	INFO	Running command: "/Applications/Firefox.app/Contents/MacOS/firefox-bin" "--marionette" "-foreground" "-no-remote" "-profile" "/var/folders/mz/x153hq711r502vlzf0q4859c0000gn/T/rust_mozprofiletnYslh"
2021-08-13 11:06:58.239 firefox-bin[26860:4038009] Warning: Expected min height of view: (<NSButton: 0x12f385800>) to be less than or equal to 30 but got a height of 32.000000. This error will be logged once per view in violation.
2021-08-13 11:06:58.239 firefox-bin[26860:4038009] Warning: Expected min height of view: (<NSButton: 0x12f38d000>) to be less than or equal to 30 but got a height of 32.000000. This error will be logged once per view in violation.
2021-08-13 11:06:58.240 firefox-bin[26860:4038009] Warning: Expected min height of view: (<NSButton: 0x12f392800>) to be less than or equal to 30 but got a height of 32.000000. This error will be logged once per view in violation.
2021-08-13 11:06:58.240 firefox-bin[26860:4038009] Warning: Expected min height of view: (<NSButton: 0x12f390400>) to be less than or equal to 30 but got a height of 32.000000. This error will be logged once per view in violation.
2021-08-13 11:06:58.241 firefox-bin[26860:4038009] Warning: Expected min height of view: (<NSButton: 0x12f38e000>) to be less than or equal to 30 but got a height of 32.000000. This error will be logged once per view in violation.
2021-08-13 11:06:58.241 firefox-bin[26860:4038009] Warning: Expected min height of view: (<NSPopoverTouchBarItemButton: 0x12f392400>) to be less than or equal to 30 but got a height of 32.000000. This error will be logged once per view in violation.
2021-08-13 11:06:58.242 firefox-bin[26860:4038009] Warning: Expected min height of view: (<NSPopoverTouchBarItemButton: 0x12f5f1c00>) to be less than or equal to 30 but got a height of 32.000000. This error will be logged once per view in violation.
console.warn: SearchSettings: "get: No settings file exists, new profile?" (new Error("", "(unknown module)"))
1628824019153	Marionette	INFO	Listening on port 61365
1628824019246	Marionette	WARN	TLS certificate errors will be ignored for this session
1628824019253	Marionette	ERROR	[16] No reply from Marionette:Register
