1768915252626	geckodriver	INFO	Listening on 127.0.0.1:50369
1768915255711	mozrunner::runner	INFO	Running command: "C:\\Users\\Yusuf\\.cache\\selenium\\firefox\\win64\\147.0.1\\firefox.exe" "--marionette" "--remote-debuggin ... 0" "--remote-allow-hosts" "localhost" "-no-remote" "-profile" "C:\\Users\\Yusuf\\AppData\\Local\\Temp\\rust_mozprofileEbsjjv"
console.warn: services.settings: Ignoring preference override of remote settings server
console.warn: services.settings: Allow by setting MOZ_REMOTE_SETTINGS_DEVTOOLS=1 in the environment
Dynamically enable window occlusion 0
1768915256300	Marionette	INFO	Marionette enabled
1768915256531	Marionette	INFO	Listening on port 50399
WebDriver BiDi listening on ws://127.0.0.1:50370
Read port: 50399
1768915256649	RemoteAgent	WARN	TLS certificate errors will be ignored for this session
1768915422980	Marionette	INFO	Stopped listening on port 50399
JavaScript error: resource://gre/modules/PrivateBrowsingUtils.sys.mjs, line 19: TypeError: can't access property "isChromeWindow", aWindow is null
Dynamically enable window occlusion 1
console.warn: TopSitesFeed: Failed to fetch data from MARS server: NetworkError when attempting to fetch resource.
1768915429707	geckodriver	INFO	Listening on 127.0.0.1:50465
1768915432736	mozrunner::runner	INFO	Running command: "C:\\Users\\Yusuf\\.cache\\selenium\\firefox\\win64\\147.0.1\\firefox.exe" "--marionette" "--remote-debuggin ... 6" "--remote-allow-hosts" "localhost" "-no-remote" "-profile" "C:\\Users\\Yusuf\\AppData\\Local\\Temp\\rust_mozprofileUYBXrU"
console.warn: services.settings: Ignoring preference override of remote settings server
console.warn: services.settings: Allow by setting MOZ_REMOTE_SETTINGS_DEVTOOLS=1 in the environment
Dynamically enable window occlusion 0
1768915432965	Marionette	INFO	Marionette enabled
1768915433035	Marionette	INFO	Listening on port 50473
WebDriver BiDi listening on ws://127.0.0.1:50466
Read port: 50473
1768915433112	RemoteAgent	WARN	TLS certificate errors will be ignored for this session
1768916152008	Marionette	INFO	Stopped listening on port 50473
Dynamically enable window occlusion 1
console.warn: TopSitesFeed: Failed to fetch data from MARS server: NetworkError when attempting to fetch resource.
1768916260058	geckodriver	INFO	Listening on 127.0.0.1:49904
1768916263115	mozrunner::runner	INFO	Running command: "C:\\Users\\Yusuf\\.cache\\selenium\\firefox\\win64\\147.0.1\\firefox.exe" "--marionette" "--remote-debuggin ... 5" "--remote-allow-hosts" "localhost" "-no-remote" "-profile" "C:\\Users\\Yusuf\\AppData\\Local\\Temp\\rust_mozprofileh7IAjG"
console.warn: services.settings: Ignoring preference override of remote settings server
console.warn: services.settings: Allow by setting MOZ_REMOTE_SETTINGS_DEVTOOLS=1 in the environment
Dynamically enable window occlusion 0
1768916263438	Marionette	INFO	Marionette enabled
1768916263522	Marionette	INFO	Listening on port 49974
WebDriver BiDi listening on ws://127.0.0.1:49905
Read port: 49974
1768916263612	RemoteAgent	WARN	TLS certificate errors will be ignored for this session
[GFX1-]: Failed to resize swap chain buffers: 0x887a0005 Size : Size(2560,1400)
[GFX1-]: Detect DeviceReset DeviceResetReason::REMOVED DeviceResetDetectPlace::WR_BEGIN_FRAME in GPU process
1768920750838	Marionette	INFO	Stopped listening on port 49974
Dynamically enable window occlusion 1
console.warn: TopSitesFeed: Failed to fetch data from MARS server: NetworkError when attempting to fetch resource.
1768921116190	geckodriver	INFO	Listening on 127.0.0.1:50262
1768921119272	mozrunner::runner	INFO	Running command: "C:\\Users\\Yusuf\\.cache\\selenium\\firefox\\win64\\147.0.1\\firefox.exe" "--marionette" "--remote-debuggin ... 3" "--remote-allow-hosts" "localhost" "-no-remote" "-profile" "C:\\Users\\Yusuf\\AppData\\Local\\Temp\\rust_mozprofileUrJcJJ"
console.warn: services.settings: Ignoring preference override of remote settings server
console.warn: services.settings: Allow by setting MOZ_REMOTE_SETTINGS_DEVTOOLS=1 in the environment
Dynamically enable window occlusion 0
1768921119604	Marionette	INFO	Marionette enabled
1768921119684	Marionette	INFO	Listening on port 50273
WebDriver BiDi listening on ws://127.0.0.1:50263
Read port: 50273
1768921119773	RemoteAgent	WARN	TLS certificate errors will be ignored for this session
1768926627509	geckodriver	INFO	Listening on 127.0.0.1:52354
1768926630567	mozrunner::runner	INFO	Running command: "C:\\Users\\Yusuf\\.cache\\selenium\\firefox\\win64\\147.0.1\\firefox.exe" "--marionette" "--remote-debuggin ... 5" "--remote-allow-hosts" "localhost" "-no-remote" "-profile" "C:\\Users\\Yusuf\\AppData\\Local\\Temp\\rust_mozprofilelZtpcg"
console.warn: services.settings: Ignoring preference override of remote settings server
console.warn: services.settings: Allow by setting MOZ_REMOTE_SETTINGS_DEVTOOLS=1 in the environment
Dynamically enable window occlusion 0
1768926630816	Marionette	INFO	Marionette enabled
1768926630891	Marionette	INFO	Listening on port 52366
WebDriver BiDi listening on ws://127.0.0.1:52355
Read port: 52366
1768926631101	RemoteAgent	WARN	TLS certificate errors will be ignored for this session
1768928047855	geckodriver	INFO	Listening on 127.0.0.1:52855
1768928050890	mozrunner::runner	INFO	Running command: "C:\\Users\\Yusuf\\.cache\\selenium\\firefox\\win64\\147.0.1\\firefox.exe" "--marionette" "--remote-debuggin ... 6" "--remote-allow-hosts" "localhost" "-no-remote" "-profile" "C:\\Users\\Yusuf\\AppData\\Local\\Temp\\rust_mozprofilev0g9gz"
console.warn: services.settings: Ignoring preference override of remote settings server
console.warn: services.settings: Allow by setting MOZ_REMOTE_SETTINGS_DEVTOOLS=1 in the environment
Dynamically enable window occlusion 0
1768928051080	Marionette	INFO	Marionette enabled
1768928051151	Marionette	INFO	Listening on port 52864
WebDriver BiDi listening on ws://127.0.0.1:52856
Read port: 52864
1768928051257	RemoteAgent	WARN	TLS certificate errors will be ignored for this session
1768928372253	Marionette	INFO	Stopped listening on port 52864
Dynamically enable window occlusion 1
console.warn: TopSitesFeed: Failed to fetch data from MARS server: NetworkError when attempting to fetch resource.
1768968001998	geckodriver	INFO	Listening on 127.0.0.1:60382
1768968005099	mozrunner::runner	INFO	Running command: "C:\\Users\\Yusuf\\.cache\\selenium\\firefox\\win64\\147.0.1\\firefox.exe" "--marionette" "--remote-debuggin ... 3" "--remote-allow-hosts" "localhost" "-no-remote" "-profile" "C:\\Users\\Yusuf\\AppData\\Local\\Temp\\rust_mozprofileTxYdrY"
console.warn: services.settings: Ignoring preference override of remote settings server
console.warn: services.settings: Allow by setting MOZ_REMOTE_SETTINGS_DEVTOOLS=1 in the environment
Dynamically enable window occlusion 0
1768968005414	Marionette	INFO	Marionette enabled
1768968005495	Marionette	INFO	Listening on port 60393
WebDriver BiDi listening on ws://127.0.0.1:60383
Read port: 60393
1768968005582	RemoteAgent	WARN	TLS certificate errors will be ignored for this session
1769014510890	geckodriver	INFO	Listening on 127.0.0.1:49681
1769014513937	mozrunner::runner	INFO	Running command: "C:\\Users\\Yusuf\\.cache\\selenium\\firefox\\win64\\147.0.1\\firefox.exe" "--marionette" "--remote-debuggin ... 2" "--remote-allow-hosts" "localhost" "-no-remote" "-profile" "C:\\Users\\Yusuf\\AppData\\Local\\Temp\\rust_mozprofileFWSx6v"
console.warn: services.settings: Ignoring preference override of remote settings server
console.warn: services.settings: Allow by setting MOZ_REMOTE_SETTINGS_DEVTOOLS=1 in the environment
Dynamically enable window occlusion 0
1769014514187	Marionette	INFO	Marionette enabled
1769014514257	Marionette	INFO	Listening on port 49691
WebDriver BiDi listening on ws://127.0.0.1:49682
Read port: 49691
1769014514444	RemoteAgent	WARN	TLS certificate errors will be ignored for this session
1769034357294	geckodriver	INFO	Listening on 127.0.0.1:52440
1769034360351	mozrunner::runner	INFO	Running command: "C:\\Users\\Yusuf\\.cache\\selenium\\firefox\\win64\\147.0.1\\firefox.exe" "--marionette" "--remote-debuggin ... 1" "--remote-allow-hosts" "localhost" "-no-remote" "-profile" "C:\\Users\\Yusuf\\AppData\\Local\\Temp\\rust_mozprofilePCdyap"
console.warn: services.settings: Ignoring preference override of remote settings server
console.warn: services.settings: Allow by setting MOZ_REMOTE_SETTINGS_DEVTOOLS=1 in the environment
Dynamically enable window occlusion 0
1769034360586	Marionette	INFO	Marionette enabled
1769034360657	Marionette	INFO	Listening on port 52451
WebDriver BiDi listening on ws://127.0.0.1:52441
Read port: 52451
1769034360730	RemoteAgent	WARN	TLS certificate errors will be ignored for this session
1769034487509	geckodriver	INFO	Listening on 127.0.0.1:52537
1769034490534	mozrunner::runner	INFO	Running command: "C:\\Users\\Yusuf\\.cache\\selenium\\firefox\\win64\\147.0.1\\firefox.exe" "--marionette" "--remote-debuggin ... 8" "--remote-allow-hosts" "localhost" "-no-remote" "-profile" "C:\\Users\\Yusuf\\AppData\\Local\\Temp\\rust_mozprofilexuGrCM"
console.warn: services.settings: Ignoring preference override of remote settings server
console.warn: services.settings: Allow by setting MOZ_REMOTE_SETTINGS_DEVTOOLS=1 in the environment
Dynamically enable window occlusion 0
1769034490736	Marionette	INFO	Marionette enabled
1769034490806	Marionette	INFO	Listening on port 52545
WebDriver BiDi listening on ws://127.0.0.1:52538
Read port: 52545
1769034490885	RemoteAgent	WARN	TLS certificate errors will be ignored for this session
1769034691112	geckodriver	INFO	Listening on 127.0.0.1:52838
1769034694146	mozrunner::runner	INFO	Running command: "C:\\Users\\Yusuf\\.cache\\selenium\\firefox\\win64\\147.0.1\\firefox.exe" "--marionette" "--remote-debuggin ... 9" "--remote-allow-hosts" "localhost" "-no-remote" "-profile" "C:\\Users\\Yusuf\\AppData\\Local\\Temp\\rust_mozprofilexTArTe"
console.warn: services.settings: Ignoring preference override of remote settings server
console.warn: services.settings: Allow by setting MOZ_REMOTE_SETTINGS_DEVTOOLS=1 in the environment
Dynamically enable window occlusion 0
1769034694345	Marionette	INFO	Marionette enabled
1769034694416	Marionette	INFO	Listening on port 52846
WebDriver BiDi listening on ws://127.0.0.1:52839
Read port: 52846
1769034694494	RemoteAgent	WARN	TLS certificate errors will be ignored for this session
1769034874864	geckodriver	INFO	Listening on 127.0.0.1:52971
1769034877889	mozrunner::runner	INFO	Running command: "C:\\Users\\Yusuf\\.cache\\selenium\\firefox\\win64\\147.0.1\\firefox.exe" "--marionette" "--remote-debuggin ... 2" "--remote-allow-hosts" "localhost" "-no-remote" "-profile" "C:\\Users\\Yusuf\\AppData\\Local\\Temp\\rust_mozprofileVMbfEM"
console.warn: services.settings: Ignoring preference override of remote settings server
console.warn: services.settings: Allow by setting MOZ_REMOTE_SETTINGS_DEVTOOLS=1 in the environment
Dynamically enable window occlusion 0
1769034878086	Marionette	INFO	Marionette enabled
1769034878156	Marionette	INFO	Listening on port 52983
WebDriver BiDi listening on ws://127.0.0.1:52972
Read port: 52983
1769034878266	RemoteAgent	WARN	TLS certificate errors will be ignored for this session
1769093882143	geckodriver	INFO	Listening on 127.0.0.1:54631
1769093885233	mozrunner::runner	INFO	Running command: "C:\\Users\\Yusuf\\.cache\\selenium\\firefox\\win64\\147.0.1\\firefox.exe" "--marionette" "--remote-debuggin ... 2" "--remote-allow-hosts" "localhost" "-no-remote" "-profile" "C:\\Users\\Yusuf\\AppData\\Local\\Temp\\rust_mozprofile0cScKf"
console.warn: services.settings: Ignoring preference override of remote settings server
console.warn: services.settings: Allow by setting MOZ_REMOTE_SETTINGS_DEVTOOLS=1 in the environment
Dynamically enable window occlusion 0
1769093885503	Marionette	INFO	Marionette enabled
1769093885574	Marionette	INFO	Listening on port 54641
WebDriver BiDi listening on ws://127.0.0.1:54632
Read port: 54641
1769093885758	RemoteAgent	WARN	TLS certificate errors will be ignored for this session
1769094916421	geckodriver	INFO	Listening on 127.0.0.1:54902
1769094919476	mozrunner::runner	INFO	Running command: "C:\\Users\\Yusuf\\.cache\\selenium\\firefox\\win64\\147.0.1\\firefox.exe" "--marionette" "--remote-debuggin ... 3" "--remote-allow-hosts" "localhost" "-no-remote" "-profile" "C:\\Users\\Yusuf\\AppData\\Local\\Temp\\rust_mozprofilerEMfjz"
console.warn: services.settings: Ignoring preference override of remote settings server
console.warn: services.settings: Allow by setting MOZ_REMOTE_SETTINGS_DEVTOOLS=1 in the environment
Dynamically enable window occlusion 0
1769094919674	Marionette	INFO	Marionette enabled
1769094919744	Marionette	INFO	Listening on port 54911
WebDriver BiDi listening on ws://127.0.0.1:54903
Read port: 54911
1769094919849	RemoteAgent	WARN	TLS certificate errors will be ignored for this session
1769184928704	RemoteAgent	WARN	TimedPromise timed out after 500 ms: stacktrace:
TimedPromise/<@chrome://remote/content/shared/Sync.sys.mjs:448:24
TimedPromise@chrome://remote/content/shared/Sync.sys.mjs:432:10
interaction.flushEventLoop@chrome://remote/content/marionette/interaction.sys.mjs:465:10
webdriverClickElement@chrome://remote/content/marionette/interaction.sys.mjs:218:33
1769186405037	geckodriver	INFO	Listening on 127.0.0.1:58379
1769186408106	mozrunner::runner	INFO	Running command: "C:\\Users\\Yusuf\\.cache\\selenium\\firefox\\win64\\147.0.1\\firefox.exe" "--marionette" "--remote-debuggin ... 0" "--remote-allow-hosts" "localhost" "-no-remote" "-profile" "C:\\Users\\Yusuf\\AppData\\Local\\Temp\\rust_mozprofile5b9toq"
console.warn: services.settings: Ignoring preference override of remote settings server
console.warn: services.settings: Allow by setting MOZ_REMOTE_SETTINGS_DEVTOOLS=1 in the environment
Dynamically enable window occlusion 0
1769186408437	Marionette	INFO	Marionette enabled
1769186408521	Marionette	INFO	Listening on port 58392
WebDriver BiDi listening on ws://127.0.0.1:58380
Read port: 58392
1769186408614	RemoteAgent	WARN	TLS certificate errors will be ignored for this session
JavaScript error: resource:///modules/sessionstore/SessionStore.sys.mjs, line 2804: TypeError: subject.QueryInterface is not a function
he\\selenium\\firefox\\win64\\147.0.1\\firefox.exe" "--marionette" "--headless=new" " ... 1" "--remote-allow-hosts" "localhost" "-no-remote" "-profile" "C:\\Users\\Yusuf\\AppData\\Local\\Temp\\rust_mozprofileqIp8Tp"
*** You are running in headless mode.
console.warn: services.settings: Ignoring preference override of remote settings server
console.warn: services.settings: Allow by setting MOZ_REMOTE_SETTINGS_DEVTOOLS=1 in the environment
Dynamically enable window occlusion 0
1769186414572	Marionette	INFO	Marionette enabled
console.error: "Warning: unrecognized command line flag" "-headless"
1769186414650	Marionette	INFO	Listening on port 58408
WebDriver BiDi listening on ws://127.0.0.1:58401
Read port: 58408
1769186414732	RemoteAgent	WARN	TLS certificate errors will be ignored for this session
[GFX1-]: RenderCompositorSWGL failed mapping default framebuffer, no dt
console.error: [Exception... "Component returned failure code: 0x80070057 (NS_ERROR_ILLEGAL_VALUE) [nsIWinTaskbar.getTaskbarProgress]"  nsresult: "0x80070057 (NS_ERROR_ILLEGAL_VALUE)"  location: "JS frame :: moz-src:///browser/components/downloads/DownloadsTaskbar.sys.mjs :: #windowsAttachIndicator :: line 183"  data: no]
[GFX1-]: VideoBridgeParent receives IPC close with reason=AbnormalShutdown
1769204720978	geckodriver	INFO	Listening on 127.0.0.1:50137
1769204724045	mozrunner::runner	INFO	Running command: "C:\\Users\\Yusuf\\.cache\\selenium\\firefox\\win64\\147.0.1\\firefox.exe" "--marionette" "--remote-debuggin ... 8" "--remote-allow-hosts" "localhost" "-no-remote" "-profile" "C:\\Users\\Yusuf\\AppData\\Local\\Temp\\rust_mozprofileLo9t1D"
console.warn: services.settings: Ignoring preference override of remote settings server
console.warn: services.settings: Allow by setting MOZ_REMOTE_SETTINGS_DEVTOOLS=1 in the environment
Dynamically enable window occlusion 0
1769204724284	Marionette	INFO	Marionette enabled
1769204724355	Marionette	INFO	Listening on port 50148
WebDriver BiDi listening on ws://127.0.0.1:50138
Read port: 50148
1769204724418	RemoteAgent	WARN	TLS certificate errors will be ignored for this session
A content process crashed and MOZ_CRASHREPORTER_SHUTDOWN is set, shutting down
ner::runner	INFO	Running command: "C:\\Users\\Yusuf\\.cache\\selenium\\firefox\\win64\\147.0.1\\firefox.exe" "--marionette" "--headless=new" " ... 7" "--remote-allow-hosts" "localhost" "-no-remote" "-profile" "C:\\Users\\Yusuf\\AppData\\Local\\Temp\\rust_mozprofileipwwNG"
*** You are running in headless mode.
console.warn: services.settings: Ignoring preference override of remote settings server
console.warn: services.settings: Allow by setting MOZ_REMOTE_SETTINGS_DEVTOOLS=1 in the environment
Dynamically enable window occlusion 0
1769204729788	Marionette	INFO	Marionette enabled
console.error: "Warning: unrecognized command line flag" "-headless"
1769204729858	Marionette	INFO	Listening on port 50167
WebDriver BiDi listening on ws://127.0.0.1:50157
Read port: 50167
1769204729962	RemoteAgent	WARN	TLS certificate errors will be ignored for this session
[GFX1-]: RenderCompositorSWGL failed mapping default framebuffer, no dt
console.error: [Exception... "Component returned failure code: 0x80070057 (NS_ERROR_ILLEGAL_VALUE) [nsIWinTaskbar.getTaskbarProgress]"  nsresult: "0x80070057 (NS_ERROR_ILLEGAL_VALUE)"  location: "JS frame :: moz-src:///browser/components/downloads/DownloadsTaskbar.sys.mjs :: #windowsAttachIndicator :: line 183"  data: no]
[GFX1-]: VideoBridgeParent receives IPC close with reason=AbnormalShutdown
1769204852907	geckodriver	INFO	Listening on 127.0.0.1:50245
1769204855941	mozrunner::runner	INFO	Running command: "C:\\Users\\Yusuf\\.cache\\selenium\\firefox\\win64\\147.0.1\\firefox.exe" "--marionette" "--remote-debuggin ... 6" "--remote-allow-hosts" "localhost" "-no-remote" "-profile" "C:\\Users\\Yusuf\\AppData\\Local\\Temp\\rust_mozprofileXMVQEG"
console.warn: services.settings: Ignoring preference override of remote settings server
console.warn: services.settings: Allow by setting MOZ_REMOTE_SETTINGS_DEVTOOLS=1 in the environment
Dynamically enable window occlusion 0
1769204856140	Marionette	INFO	Marionette enabled
1769204856212	Marionette	INFO	Listening on port 50254
WebDriver BiDi listening on ws://127.0.0.1:50246
Read port: 50254
1769204856317	RemoteAgent	WARN	TLS certificate errors will be ignored for this session
A content process crashed and MOZ_CRASHREPORTER_SHUTDOWN is set, shutting down
ner::runner	INFO	Running command: "C:\\Users\\Yusuf\\.cache\\selenium\\firefox\\win64\\147.0.1\\firefox.exe" "--marionette" "--headless=new" " ... 7" "--remote-allow-hosts" "localhost" "-no-remote" "-profile" "C:\\Users\\Yusuf\\AppData\\Local\\Temp\\rust_mozprofile26oR0Q"
*** You are running in headless mode.
console.warn: services.settings: Ignoring preference override of remote settings server
console.warn: services.settings: Allow by setting MOZ_REMOTE_SETTINGS_DEVTOOLS=1 in the environment
Dynamically enable window occlusion 0
1769204861413	Marionette	INFO	Marionette enabled
console.error: "Warning: unrecognized command line flag" "-headless"
1769204861481	Marionette	INFO	Listening on port 50275
WebDriver BiDi listening on ws://127.0.0.1:50267
Read port: 50275
1769204861604	RemoteAgent	WARN	TLS certificate errors will be ignored for this session
[GFX1-]: RenderCompositorSWGL failed mapping default framebuffer, no dt
console.error: [Exception... "Component returned failure code: 0x80070057 (NS_ERROR_ILLEGAL_VALUE) [nsIWinTaskbar.getTaskbarProgress]"  nsresult: "0x80070057 (NS_ERROR_ILLEGAL_VALUE)"  location: "JS frame :: moz-src:///browser/components/downloads/DownloadsTaskbar.sys.mjs :: #windowsAttachIndicator :: line 183"  data: no]
JavaScript error: resource:///modules/sessionstore/SessionStore.sys.mjs, line 2804: TypeError: subject.QueryInterface is not a function
JavaScript error: resource:///modules/sessionstore/SessionStore.sys.mjs, line 2804: TypeError: subject.QueryInterface is not a function
1769205101716	geckodriver	INFO	Listening on 127.0.0.1:50478
1769205104779	mozrunner::runner	INFO	Running command: "C:\\Users\\Yusuf\\.cache\\selenium\\firefox\\win64\\147.0.1\\firefox.exe" "--marionette" "--remote-debuggin ... 9" "--remote-allow-hosts" "localhost" "-no-remote" "-profile" "C:\\Users\\Yusuf\\AppData\\Local\\Temp\\rust_mozprofile3MTsTT"
console.warn: services.settings: Ignoring preference override of remote settings server
console.warn: services.settings: Allow by setting MOZ_REMOTE_SETTINGS_DEVTOOLS=1 in the environment
Dynamically enable window occlusion 0
1769205104985	Marionette	INFO	Marionette enabled
1769205105058	Marionette	INFO	Listening on port 50486
WebDriver BiDi listening on ws://127.0.0.1:50479
Read port: 50486
1769205105140	RemoteAgent	WARN	TLS certificate errors will be ignored for this session
1769205107015	geckodriver	INFO	Listening on 127.0.0.1:50495
1769205110064	mozrunner::runner	INFO	Running command: "C:\\Users\\Yusuf\\.cache\\selenium\\firefox\\win64\\147.0.1\\firefox.exe" "--marionette" "--headless=new" " ... 6" "--remote-allow-hosts" "localhost" "-no-remote" "-profile" "C:\\Users\\Yusuf\\AppData\\Local\\Temp\\rust_mozprofileqhI7Cb"
*** You are running in headless mode.
console.warn: services.settings: Ignoring preference override of remote settings server
console.warn: services.settings: Allow by setting MOZ_REMOTE_SETTINGS_DEVTOOLS=1 in the environment
Dynamically enable window occlusion 0
1769205110252	Marionette	INFO	Marionette enabled
console.error: "Warning: unrecognized command line flag" "-headless"
1769205110321	Marionette	INFO	Listening on port 50505
WebDriver BiDi listening on ws://127.0.0.1:50496
Read port: 50505
1769205110443	RemoteAgent	WARN	TLS certificate errors will be ignored for this session
[GFX1-]: RenderCompositorSWGL failed mapping default framebuffer, no dt
console.error: [Exception... "Component returned failure code: 0x80070057 (NS_ERROR_ILLEGAL_VALUE) [nsIWinTaskbar.getTaskbarProgress]"  nsresult: "0x80070057 (NS_ERROR_ILLEGAL_VALUE)"  location: "JS frame :: moz-src:///browser/components/downloads/DownloadsTaskbar.sys.mjs :: #windowsAttachIndicator :: line 183"  data: no]
1769205851492	geckodriver	INFO	Listening on 127.0.0.1:51239
1769205854545	mozrunner::runner	INFO	Running command: "C:\\Users\\Yusuf\\.cache\\selenium\\firefox\\win64\\147.0.1\\firefox.exe" "--marionette" "--remote-debuggin ... 0" "--remote-allow-hosts" "localhost" "-no-remote" "-profile" "C:\\Users\\Yusuf\\AppData\\Local\\Temp\\rust_mozprofileeucMLi"
console.warn: services.settings: Ignoring preference override of remote settings server
console.warn: services.settings: Allow by setting MOZ_REMOTE_SETTINGS_DEVTOOLS=1 in the environment
Dynamically enable window occlusion 0
1769205854846	Marionette	INFO	Marionette enabled
1769205854932	Marionette	INFO	Listening on port 51247
WebDriver BiDi listening on ws://127.0.0.1:51240
Read port: 51247
1769205855025	RemoteAgent	WARN	TLS certificate errors will be ignored for this session
1769205857668	geckodriver	INFO	Listening on 127.0.0.1:51256
1769205860703	mozrunner::runner	INFO	Running command: "C:\\Users\\Yusuf\\.cache\\selenium\\firefox\\win64\\147.0.1\\firefox.exe" "--marionette" "--headless=new" " ... 7" "--remote-allow-hosts" "localhost" "-no-remote" "-profile" "C:\\Users\\Yusuf\\AppData\\Local\\Temp\\rust_mozprofilehl52Et"
*** You are running in headless mode.
console.warn: services.settings: Ignoring preference override of remote settings server
console.warn: services.settings: Allow by setting MOZ_REMOTE_SETTINGS_DEVTOOLS=1 in the environment
Dynamically enable window occlusion 0
1769205860961	Marionette	INFO	Marionette enabled
console.error: "Warning: unrecognized command line flag" "-headless"
1769205861040	Marionette	INFO	Listening on port 51265
WebDriver BiDi listening on ws://127.0.0.1:51257
Read port: 51265
1769205861190	RemoteAgent	WARN	TLS certificate errors will be ignored for this session
[GFX1-]: RenderCompositorSWGL failed mapping default framebuffer, no dt
console.error: [Exception... "Component returned failure code: 0x80070057 (NS_ERROR_ILLEGAL_VALUE) [nsIWinTaskbar.getTaskbarProgress]"  nsresult: "0x80070057 (NS_ERROR_ILLEGAL_VALUE)"  location: "JS frame :: moz-src:///browser/components/downloads/DownloadsTaskbar.sys.mjs :: #windowsAttachIndicator :: line 183"  data: no]
1769206192380	geckodriver	INFO	Listening on 127.0.0.1:51493
1769206195414	mozrunner::runner	INFO	Running command: "C:\\Users\\Yusuf\\.cache\\selenium\\firefox\\win64\\147.0.1\\firefox.exe" "--marionette" "--remote-debuggin ... 4" "--remote-allow-hosts" "localhost" "-no-remote" "-profile" "C:\\Users\\Yusuf\\AppData\\Local\\Temp\\rust_mozprofileYRALL3"
console.warn: services.settings: Ignoring preference override of remote settings server
console.warn: services.settings: Allow by setting MOZ_REMOTE_SETTINGS_DEVTOOLS=1 in the environment
Dynamically enable window occlusion 0
1769206195651	Marionette	INFO	Marionette enabled
1769206195730	Marionette	INFO	Listening on port 51502
WebDriver BiDi listening on ws://127.0.0.1:51494
Read port: 51502
1769206195805	RemoteAgent	WARN	TLS certificate errors will be ignored for this session
1769206198203	geckodriver	INFO	Listening on 127.0.0.1:51512
1769206201238	mozrunner::runner	INFO	Running command: "C:\\Users\\Yusuf\\.cache\\selenium\\firefox\\win64\\147.0.1\\firefox.exe" "--marionette" "--headless=new" " ... 3" "--remote-allow-hosts" "localhost" "-no-remote" "-profile" "C:\\Users\\Yusuf\\AppData\\Local\\Temp\\rust_mozprofilegNUYDt"
*** You are running in headless mode.
console.warn: services.settings: Ignoring preference override of remote settings server
console.warn: services.settings: Allow by setting MOZ_REMOTE_SETTINGS_DEVTOOLS=1 in the environment
Dynamically enable window occlusion 0
1769206201463	Marionette	INFO	Marionette enabled
console.error: "Warning: unrecognized command line flag" "-headless"
1769206201540	Marionette	INFO	Listening on port 51521
WebDriver BiDi listening on ws://127.0.0.1:51513
Read port: 51521
1769206201629	RemoteAgent	WARN	TLS certificate errors will be ignored for this session
[GFX1-]: RenderCompositorSWGL failed mapping default framebuffer, no dt
console.error: [Exception... "Component returned failure code: 0x80070057 (NS_ERROR_ILLEGAL_VALUE) [nsIWinTaskbar.getTaskbarProgress]"  nsresult: "0x80070057 (NS_ERROR_ILLEGAL_VALUE)"  location: "JS frame :: moz-src:///browser/components/downloads/DownloadsTaskbar.sys.mjs :: #windowsAttachIndicator :: line 183"  data: no]
1769206574864	geckodriver	INFO	Listening on 127.0.0.1:51767
1769206577906	mozrunner::runner	INFO	Running command: "C:\\Users\\Yusuf\\.cache\\selenium\\firefox\\win64\\147.0.1\\firefox.exe" "--marionette" "--remote-debuggin ... 8" "--remote-allow-hosts" "localhost" "-no-remote" "-profile" "C:\\Users\\Yusuf\\AppData\\Local\\Temp\\rust_mozprofileGuimKm"
console.warn: services.settings: Ignoring preference override of remote settings server
console.warn: services.settings: Allow by setting MOZ_REMOTE_SETTINGS_DEVTOOLS=1 in the environment
Dynamically enable window occlusion 0
1769206578149	Marionette	INFO	Marionette enabled
1769206578229	Marionette	INFO	Listening on port 51775
WebDriver BiDi listening on ws://127.0.0.1:51768
Read port: 51775
1769206578263	RemoteAgent	WARN	TLS certificate errors will be ignored for this session
A content process crashed and MOZ_CRASHREPORTER_SHUTDOWN is set, shutting down
ner::runner	INFO	Running command: "C:\\Users\\Yusuf\\.cache\\selenium\\firefox\\win64\\147.0.1\\firefox.exe" "--marionette" "--headless=new" " ... 4" "--remote-allow-hosts" "localhost" "-no-remote" "-profile" "C:\\Users\\Yusuf\\AppData\\Local\\Temp\\rust_mozprofileLMdSw4"
*** You are running in headless mode.
console.warn: services.settings: Ignoring preference override of remote settings server
console.warn: services.settings: Allow by setting MOZ_REMOTE_SETTINGS_DEVTOOLS=1 in the environment
Dynamically enable window occlusion 0
1769206584055	Marionette	INFO	Marionette enabled
console.error: "Warning: unrecognized command line flag" "-headless"
1769206584132	Marionette	INFO	Listening on port 51792
WebDriver BiDi listening on ws://127.0.0.1:51784
Read port: 51792
1769206584213	RemoteAgent	WARN	TLS certificate errors will be ignored for this session
[GFX1-]: RenderCompositorSWGL failed mapping default framebuffer, no dt
console.error: [Exception... "Component returned failure code: 0x80070057 (NS_ERROR_ILLEGAL_VALUE) [nsIWinTaskbar.getTaskbarProgress]"  nsresult: "0x80070057 (NS_ERROR_ILLEGAL_VALUE)"  location: "JS frame :: moz-src:///browser/components/downloads/DownloadsTaskbar.sys.mjs :: #windowsAttachIndicator :: line 183"  data: no]
[GFX1-]: VideoBridgeParent receives IPC close with reason=AbnormalShutdown
1769263104081	geckodriver	INFO	Listening on 127.0.0.1:59300
1769263107151	mozrunner::runner	INFO	Running command: "C:\\Users\\Yusuf\\.cache\\selenium\\firefox\\win64\\147.0.1\\firefox.exe" "--marionette" "--remote-debuggin ... 1" "--remote-allow-hosts" "localhost" "-no-remote" "-profile" "C:\\Users\\Yusuf\\AppData\\Local\\Temp\\rust_mozprofilehysSBi"
console.warn: services.settings: Ignoring preference override of remote settings server
console.warn: services.settings: Allow by setting MOZ_REMOTE_SETTINGS_DEVTOOLS=1 in the environment
Dynamically enable window occlusion 0
1769263107426	Marionette	INFO	Marionette enabled
1769263107498	Marionette	INFO	Listening on port 59310
WebDriver BiDi listening on ws://127.0.0.1:59301
Read port: 59310
1769263107674	RemoteAgent	WARN	TLS certificate errors will be ignored for this session
1769263109509	geckodriver	INFO	Listening on 127.0.0.1:59320
1769263112531	mozrunner::runner	INFO	Running command: "C:\\Users\\Yusuf\\.cache\\selenium\\firefox\\win64\\147.0.1\\firefox.exe" "--marionette" "--headless=new" " ... 1" "--remote-allow-hosts" "localhost" "-no-remote" "-profile" "C:\\Users\\Yusuf\\AppData\\Local\\Temp\\rust_mozprofileiqWVAO"
*** You are running in headless mode.
console.warn: services.settings: Ignoring preference override of remote settings server
console.warn: services.settings: Allow by setting MOZ_REMOTE_SETTINGS_DEVTOOLS=1 in the environment
Dynamically enable window occlusion 0
1769263112740	Marionette	INFO	Marionette enabled
console.error: "Warning: unrecognized command line flag" "-headless"
1769263112809	Marionette	INFO	Listening on port 59329
WebDriver BiDi listening on ws://127.0.0.1:59321
Read port: 59329
1769263112912	RemoteAgent	WARN	TLS certificate errors will be ignored for this session
[GFX1-]: RenderCompositorSWGL failed mapping default framebuffer, no dt
console.error: [Exception... "Component returned failure code: 0x80070057 (NS_ERROR_ILLEGAL_VALUE) [nsIWinTaskbar.getTaskbarProgress]"  nsresult: "0x80070057 (NS_ERROR_ILLEGAL_VALUE)"  location: "JS frame :: moz-src:///browser/components/downloads/DownloadsTaskbar.sys.mjs :: #windowsAttachIndicator :: line 183"  data: no]
1769263201347	geckodriver	INFO	Listening on 127.0.0.1:59408
1769263204382	mozrunner::runner	INFO	Running command: "C:\\Users\\Yusuf\\.cache\\selenium\\firefox\\win64\\147.0.1\\firefox.exe" "--marionette" "--remote-debuggin ... 9" "--remote-allow-hosts" "localhost" "-no-remote" "-profile" "C:\\Users\\Yusuf\\AppData\\Local\\Temp\\rust_mozprofileBZEu6l"
console.warn: services.settings: Ignoring preference override of remote settings server
console.warn: services.settings: Allow by setting MOZ_REMOTE_SETTINGS_DEVTOOLS=1 in the environment
Dynamically enable window occlusion 0
1769263204597	Marionette	INFO	Marionette enabled
1769263204672	Marionette	INFO	Listening on port 59416
WebDriver BiDi listening on ws://127.0.0.1:59409
Read port: 59416
1769263204755	RemoteAgent	WARN	TLS certificate errors will be ignored for this session
JavaScript error: resource:///modules/sessionstore/SessionStore.sys.mjs, line 2804: TypeError: subject.QueryInterface is not a function
he\\selenium\\firefox\\win64\\147.0.1\\firefox.exe" "--marionette" "--headless=new" " ... 5" "--remote-allow-hosts" "localhost" "-no-remote" "-profile" "C:\\Users\\Yusuf\\AppData\\Local\\Temp\\rust_mozprofiledmmatV"
*** You are running in headless mode.
console.warn: services.settings: Ignoring preference override of remote settings server
console.warn: services.settings: Allow by setting MOZ_REMOTE_SETTINGS_DEVTOOLS=1 in the environment
Dynamically enable window occlusion 0
1769263210029	Marionette	INFO	Marionette enabled
console.error: "Warning: unrecognized command line flag" "-headless"
1769263210099	Marionette	INFO	Listening on port 59433
WebDriver BiDi listening on ws://127.0.0.1:59425
Read port: 59433
1769263210211	RemoteAgent	WARN	TLS certificate errors will be ignored for this session
[GFX1-]: RenderCompositorSWGL failed mapping default framebuffer, no dt
console.error: [Exception... "Component returned failure code: 0x80070057 (NS_ERROR_ILLEGAL_VALUE) [nsIWinTaskbar.getTaskbarProgress]"  nsresult: "0x80070057 (NS_ERROR_ILLEGAL_VALUE)"  location: "JS frame :: moz-src:///browser/components/downloads/DownloadsTaskbar.sys.mjs :: #windowsAttachIndicator :: line 183"  data: no]
[GFX1-]: VideoBridgeParent receives IPC close with reason=AbnormalShutdown
A content process crashed and MOZ_CRASHREPORTER_SHUTDOWN is set, shutting down
1769276861065	geckodriver	INFO	Listening on 127.0.0.1:63815
1769276864098	mozrunner::runner	INFO	Running command: "C:\\Users\\Yusuf\\.cache\\selenium\\firefox\\win64\\147.0.1\\firefox.exe" "--marionette" "--remote-debuggin ... 6" "--remote-allow-hosts" "localhost" "-no-remote" "-profile" "C:\\Users\\Yusuf\\AppData\\Local\\Temp\\rust_mozprofilehf4tnQ"
console.warn: services.settings: Ignoring preference override of remote settings server
console.warn: services.settings: Allow by setting MOZ_REMOTE_SETTINGS_DEVTOOLS=1 in the environment
Dynamically enable window occlusion 0
1769276864339	Marionette	INFO	Marionette enabled
1769276864411	Marionette	INFO	Listening on port 63825
WebDriver BiDi listening on ws://127.0.0.1:63816
Read port: 63825
1769276864478	RemoteAgent	WARN	TLS certificate errors will be ignored for this session
JavaScript error: , line 0: NS_ERROR_NOT_AVAILABLE
JavaScript error: , line 0: NS_ERROR_NOT_AVAILABLE
JavaScript error: , line 0: NS_ERROR_NOT_AVAILABLE
1769657521524	Marionette	INFO	Stopped listening on port 63825
JavaScript error: resource://gre/modules/PrivateBrowsingUtils.sys.mjs, line 19: TypeError: can't access property "isChromeWindow", aWindow is null
Dynamically enable window occlusion 1
console.warn: TopSitesFeed: Failed to fetch data from MARS server: NetworkError when attempting to fetch resource.
 setting MOZ_REMOTE_SETTINGS_DEVTOOLS=1 in the environment
Dynamically enable window occlusion 0
1769276869644	Marionette	INFO	Marionette enabled
console.error: "Warning: unrecognized command line flag" "-headless"
1769276869713	Marionette	INFO	Listening on port 63843
WebDriver BiDi listening on ws://127.0.0.1:63835
Read port: 63843
1769276869819	RemoteAgent	WARN	TLS certificate errors will be ignored for this session
[GFX1-]: RenderCompositorSWGL failed mapping default framebuffer, no dt
console.error: [Exception... "Component returned failure code: 0x80070057 (NS_ERROR_ILLEGAL_VALUE) [nsIWinTaskbar.getTaskbarProgress]"  nsresult: "0x80070057 (NS_ERROR_ILLEGAL_VALUE)"  location: "JS frame :: moz-src:///browser/components/downloads/DownloadsTaskbar.sys.mjs :: #windowsAttachIndicator :: line 183"  data: no]
JavaScript error: , line 0: NS_ERROR_NOT_AVAILABLE
JavaScript error: , line 0: NS_ERROR_NOT_AVAILABLE
JavaScript error: , line 0: NS_ERROR_NOT_AVAILABLE
JavaScript error: , line 0: NS_ERROR_NOT_AVAILABLE
[GFX1-]: VideoBridgeParent receives IPC close with reason=AbnormalShutdown
1769658794868	geckodriver	INFO	Listening on 127.0.0.1:64648
1769658797938	mozrunner::runner	INFO	Running command: "C:\\Users\\Yusuf\\.cache\\selenium\\firefox\\win64\\147.0.2\\firefox.exe" "--marionette" "--remote-debuggin ... 9" "--remote-allow-hosts" "localhost" "-no-remote" "-profile" "C:\\Users\\Yusuf\\AppData\\Local\\Temp\\rust_mozprofilejNbWGG"
console.warn: services.settings: Ignoring preference override of remote settings server
console.warn: services.settings: Allow by setting MOZ_REMOTE_SETTINGS_DEVTOOLS=1 in the environment
Dynamically enable window occlusion 0
1769658798610	Marionette	INFO	Marionette enabled
1769658798684	Marionette	INFO	Listening on port 64660
WebDriver BiDi listening on ws://127.0.0.1:64649
Read port: 64660
1769658798772	RemoteAgent	WARN	TLS certificate errors will be ignored for this session
1769658868009	Marionette	INFO	Stopped listening on port 64660
JavaScript error: resource://gre/modules/PrivateBrowsingUtils.sys.mjs, line 19: TypeError: can't access property "isChromeWindow", aWindow is null
Dynamically enable window occlusion 1
console.warn: TopSitesFeed: Failed to fetch data from MARS server: NetworkError when attempting to fetch resource.
unning in headless mode.
console.warn: services.settings: Ignoring preference override of remote settings server
console.warn: services.settings: Allow by setting MOZ_REMOTE_SETTINGS_DEVTOOLS=1 in the environment
Dynamically enable window occlusion 0
1769658804008	Marionette	INFO	Marionette enabled
console.error: "Warning: unrecognized command line flag" "-headless"
1769658804086	Marionette	INFO	Listening on port 64676
WebDriver BiDi listening on ws://127.0.0.1:64669
Read port: 64676
1769658804175	RemoteAgent	WARN	TLS certificate errors will be ignored for this session
[GFX1-]: RenderCompositorSWGL failed mapping default framebuffer, no dt
console.error: [Exception... "Component returned failure code: 0x80070057 (NS_ERROR_ILLEGAL_VALUE) [nsIWinTaskbar.getTaskbarProgress]"  nsresult: "0x80070057 (NS_ERROR_ILLEGAL_VALUE)"  location: "JS frame :: moz-src:///browser/components/downloads/DownloadsTaskbar.sys.mjs :: #windowsAttachIndicator :: line 183"  data: no]
JavaScript error: moz-src:///browser/components/search/SearchOneOffs.sys.mjs, line 392: TypeError: aEngine.getIconURL is not a function
JavaScript error: moz-src:///browser/components/search/SearchOneOffs.sys.mjs, line 392: TypeError: aEngine.getIconURL is not a function
JavaScript error: moz-src:///browser/components/search/SearchOneOffs.sys.mjs, line 392: TypeError: aEngine.getIconURL is not a function
JavaScript error: moz-src:///browser/components/search/SearchOneOffs.sys.mjs, line 392: TypeError: aEngine.getIconURL is not a function
JavaScript error: , line 0: NS_ERROR_NOT_AVAILABLE
JavaScript error: , line 0: NS_ERROR_NOT_AVAILABLE
JavaScript error: , line 0: NS_ERROR_NOT_AVAILABLE
JavaScript error: , line 0: NS_ERROR_NOT_AVAILABLE
JavaScript error: , line 0: NS_ERROR_NOT_AVAILABLE
JavaScript error: , line 0: NS_ERROR_NOT_AVAILABLE
JavaScript error: , line 0: NS_ERROR_NOT_AVAILABLE
JavaScript error: , line 0: NS_ERROR_NOT_AVAILABLE

JavaScript error: resource://gre/modules/PrivateBrowsingUtils.sys.mjs, line 19: TypeError: can't access property "isChromeWindow", aWindow is null
Dynamically enable window occlusion 1
console.warn: TopSitesFeed: Failed to fetch data from MARS server: NetworkError when attempting to fetch resource.
unning in headless mode.
console.warn: services.settings: Ignoring preference override of remote settings server
console.warn: services.settings: Allow by setting MOZ_REMOTE_SETTINGS_DEVTOOLS=1 in the environment
Dynamically enable window occlusion 0
1769658923259	Marionette	INFO	Marionette enabled
console.error: "Warning: unrecognized command line flag" "-headless"
1769658923329	Marionette	INFO	Listening on port 64782
WebDriver BiDi listening on ws://127.0.0.1:64775
Read port: 64782
1769658923449	RemoteAgent	WARN	TLS certificate errors will be ignored for this session
[GFX1-]: RenderCompositorSWGL failed mapping default framebuffer, no dt
console.error: [Exception... "Component returned failure code: 0x80070057 (NS_ERROR_ILLEGAL_VALUE) [nsIWinTaskbar.getTaskbarProgress]"  nsresult: "0x80070057 (NS_ERROR_ILLEGAL_VALUE)"  location: "JS frame :: moz-src:///browser/components/downloads/DownloadsTaskbar.sys.mjs :: #windowsAttachIndicator :: line 183"  data: no]
JavaScript error: moz-src:///browser/components/search/SearchOneOffs.sys.mjs, line 392: TypeError: aEngine.getIconURL is not a function
JavaScript error: moz-src:///browser/components/search/SearchOneOffs.sys.mjs, line 392: TypeError: aEngine.getIconURL is not a function
JavaScript error: moz-src:///browser/components/search/SearchOneOffs.sys.mjs, line 392: TypeError: aEngine.getIconURL is not a function
JavaScript error: moz-src:///browser/components/search/SearchOneOffs.sys.mjs, line 392: TypeError: aEngine.getIconURL is not a function
JavaScript error: , line 0: NS_ERROR_NOT_AVAILABLE
JavaScript error: , line 0: NS_ERROR_NOT_AVAILABLE
JavaScript error: , line 0: NS_ERROR_NOT_AVAILABLE
JavaScript error: , line 0: NS_ERROR_NOT_AVAILABLE
JavaScript error: , line 0: NS_ERROR_NOT_AVAILABLE
JavaScript error: , line 0: NS_ERROR_NOT_AVAILABLE
JavaScript error: , line 0: NS_ERROR_NOT_AVAILABLE
JavaScript error: , line 0: NS_ERROR_NOT_AVAILABLE
ls.sys.mjs, line 19: TypeError: can't access property "isChromeWindow", aWindow is null
Dynamically enable window occlusion 1
console.warn: TopSitesFeed: Failed to fetch data from MARS server: NetworkError when attempting to fetch resource.
unning in headless mode.
console.warn: services.settings: Ignoring preference override of remote settings server
console.warn: services.settings: Allow by setting MOZ_REMOTE_SETTINGS_DEVTOOLS=1 in the environment
Dynamically enable window occlusion 0
1769658971861	Marionette	INFO	Marionette enabled
console.error: "Warning: unrecognized command line flag" "-headless"
1769658971934	Marionette	INFO	Listening on port 64856
WebDriver BiDi listening on ws://127.0.0.1:64847
Read port: 64856
1769658972040	RemoteAgent	WARN	TLS certificate errors will be ignored for this session
[GFX1-]: RenderCompositorSWGL failed mapping default framebuffer, no dt
console.error: [Exception... "Component returned failure code: 0x80070057 (NS_ERROR_ILLEGAL_VALUE) [nsIWinTaskbar.getTaskbarProgress]"  nsresult: "0x80070057 (NS_ERROR_ILLEGAL_VALUE)"  location: "JS frame :: moz-src:///browser/components/downloads/DownloadsTaskbar.sys.mjs :: #windowsAttachIndicator :: line 183"  data: no]
JavaScript error: moz-src:///browser/components/search/SearchOneOffs.sys.mjs, line 392: TypeError: aEngine.getIconURL is not a function
JavaScript error: moz-src:///browser/components/search/SearchOneOffs.sys.mjs, line 392: TypeError: aEngine.getIconURL is not a function
JavaScript error: moz-src:///browser/components/search/SearchOneOffs.sys.mjs, line 392: TypeError: aEngine.getIconURL is not a function
JavaScript error: moz-src:///browser/components/search/SearchOneOffs.sys.mjs, line 392: TypeError: aEngine.getIconURL is not a function
JavaScript error: , line 0: NS_ERROR_NOT_AVAILABLE
JavaScript error: , line 0: NS_ERROR_NOT_AVAILABLE
JavaScript error: , line 0: NS_ERROR_NOT_AVAILABLE
JavaScript error: , line 0: NS_ERROR_NOT_AVAILABLE
JavaScript error: , line 0: NS_ERROR_NOT_AVAILABLE
JavaScript error: , line 0: NS_ERROR_NOT_AVAILABLE
JavaScript error: , line 0: NS_ERROR_NOT_AVAILABLE
JavaScript error: , line 0: NS_ERROR_NOT_AVAILABLE
ls.sys.mjs, line 19: TypeError: can't access property "isChromeWindow", aWindow is null
Dynamically enable window occlusion 1
console.warn: TopSitesFeed: Failed to fetch data from MARS server: NetworkError when attempting to fetch resource.
unning in headless mode.
console.warn: services.settings: Ignoring preference override of remote settings server
console.warn: services.settings: Allow by setting MOZ_REMOTE_SETTINGS_DEVTOOLS=1 in the environment
Dynamically enable window occlusion 0
1769659010240	Marionette	INFO	Marionette enabled
console.error: "Warning: unrecognized command line flag" "-headless"
1769659010312	Marionette	INFO	Listening on port 64919
WebDriver BiDi listening on ws://127.0.0.1:64912
Read port: 64919
1769659010418	RemoteAgent	WARN	TLS certificate errors will be ignored for this session
[GFX1-]: RenderCompositorSWGL failed mapping default framebuffer, no dt
console.error: [Exception... "Component returned failure code: 0x80070057 (NS_ERROR_ILLEGAL_VALUE) [nsIWinTaskbar.getTaskbarProgress]"  nsresult: "0x80070057 (NS_ERROR_ILLEGAL_VALUE)"  location: "JS frame :: moz-src:///browser/components/downloads/DownloadsTaskbar.sys.mjs :: #windowsAttachIndicator :: line 183"  data: no]
JavaScript error: moz-src:///browser/components/search/SearchOneOffs.sys.mjs, line 392: TypeError: aEngine.getIconURL is not a function
JavaScript error: moz-src:///browser/components/search/SearchOneOffs.sys.mjs, line 392: TypeError: aEngine.getIconURL is not a function
JavaScript error: moz-src:///browser/components/search/SearchOneOffs.sys.mjs, line 392: TypeError: aEngine.getIconURL is not a function
JavaScript error: moz-src:///browser/components/search/SearchOneOffs.sys.mjs, line 392: TypeError: aEngine.getIconURL is not a function
JavaScript error: , line 0: NS_ERROR_NOT_AVAILABLE
JavaScript error: , line 0: NS_ERROR_NOT_AVAILABLE
JavaScript error: , line 0: NS_ERROR_NOT_AVAILABLE
JavaScript error: , line 0: NS_ERROR_NOT_AVAILABLE
JavaScript error: , line 0: NS_ERROR_NOT_AVAILABLE
JavaScript error: , line 0: NS_ERROR_NOT_AVAILABLE
JavaScript error: , line 0: NS_ERROR_NOT_AVAILABLE
JavaScript error: , line 0: NS_ERROR_NOT_AVAILABLE
ls.sys.mjs, line 19: TypeError: can't access property "isChromeWindow", aWindow is null
Dynamically enable window occlusion 1
console.warn: TopSitesFeed: Failed to fetch data from MARS server: NetworkError when attempting to fetch resource.
unning in headless mode.
console.warn: services.settings: Ignoring preference override of remote settings server
console.warn: services.settings: Allow by setting MOZ_REMOTE_SETTINGS_DEVTOOLS=1 in the environment
Dynamically enable window occlusion 0
1769659167311	Marionette	INFO	Marionette enabled
console.error: "Warning: unrecognized command line flag" "-headless"
1769659167380	Marionette	INFO	Listening on port 65000
WebDriver BiDi listening on ws://127.0.0.1:64993
Read port: 65000
1769659167487	RemoteAgent	WARN	TLS certificate errors will be ignored for this session
[GFX1-]: RenderCompositorSWGL failed mapping default framebuffer, no dt
console.error: [Exception... "Component returned failure code: 0x80070057 (NS_ERROR_ILLEGAL_VALUE) [nsIWinTaskbar.getTaskbarProgress]"  nsresult: "0x80070057 (NS_ERROR_ILLEGAL_VALUE)"  location: "JS frame :: moz-src:///browser/components/downloads/DownloadsTaskbar.sys.mjs :: #windowsAttachIndicator :: line 183"  data: no]
JavaScript error: moz-src:///browser/components/search/SearchOneOffs.sys.mjs, line 392: TypeError: aEngine.getIconURL is not a function
JavaScript error: moz-src:///browser/components/search/SearchOneOffs.sys.mjs, line 392: TypeError: aEngine.getIconURL is not a function
JavaScript error: moz-src:///browser/components/search/SearchOneOffs.sys.mjs, line 392: TypeError: aEngine.getIconURL is not a function
JavaScript error: moz-src:///browser/components/search/SearchOneOffs.sys.mjs, line 392: TypeError: aEngine.getIconURL is not a function
JavaScript error: , line 0: NS_ERROR_NOT_AVAILABLE
JavaScript error: , line 0: NS_ERROR_NOT_AVAILABLE
JavaScript error: , line 0: NS_ERROR_NOT_AVAILABLE
JavaScript error: , line 0: NS_ERROR_NOT_AVAILABLE
JavaScript error: , line 0: NS_ERROR_NOT_AVAILABLE
JavaScript error: , line 0: NS_ERROR_NOT_AVAILABLE
JavaScript error: , line 0: NS_ERROR_NOT_AVAILABLE
JavaScript error: , line 0: NS_ERROR_NOT_AVAILABLE
rs\\Yusuf\\.cache\\selenium\\firefox\\win64\\147.0.2\\firefox.exe" "--marionette" "--headless=new" " ... 2" "--remote-allow-hosts" "localhost" "-no-remote" "-profile" "C:\\Users\\Yusuf\\AppData\\Local\\Temp\\rust_mozprofilexixlx4"
*** You are running in headless mode.
console.warn: services.settings: Ignoring preference override of remote settings server
console.warn: services.settings: Allow by setting MOZ_REMOTE_SETTINGS_DEVTOOLS=1 in the environment
Dynamically enable window occlusion 0
1769659198106	Marionette	INFO	Marionette enabled
console.error: "Warning: unrecognized command line flag" "-headless"
1769659198175	Marionette	INFO	Listening on port 65069
WebDriver BiDi listening on ws://127.0.0.1:65062
Read port: 65069
1769659198280	RemoteAgent	WARN	TLS certificate errors will be ignored for this session
[GFX1-]: RenderCompositorSWGL failed mapping default framebuffer, no dt
console.error: [Exception... "Component returned failure code: 0x80070057 (NS_ERROR_ILLEGAL_VALUE) [nsIWinTaskbar.getTaskbarProgress]"  nsresult: "0x80070057 (NS_ERROR_ILLEGAL_VALUE)"  location: "JS frame :: moz-src:///browser/components/downloads/DownloadsTaskbar.sys.mjs :: #windowsAttachIndicator :: line 183"  data: no]
[GFX1-]: VideoBridgeParent receives IPC close with reason=AbnormalShutdown
A content process crashed and MOZ_CRASHREPORTER_SHUTDOWN is set, shutting down
1769659528994	geckodriver	INFO	Listening on 127.0.0.1:65245
1769659532039	mozrunner::runner	INFO	Running command: "C:\\Users\\Yusuf\\.cache\\selenium\\firefox\\win64\\147.0.2\\firefox.exe" "--marionette" "--remote-debuggin ... 6" "--remote-allow-hosts" "localhost" "-no-remote" "-profile" "C:\\Users\\Yusuf\\AppData\\Local\\Temp\\rust_mozprofileIXs137"
console.warn: services.settings: Ignoring preference override of remote settings server
console.warn: services.settings: Allow by setting MOZ_REMOTE_SETTINGS_DEVTOOLS=1 in the environment
Dynamically enable window occlusion 0
1769659532237	Marionette	INFO	Marionette enabled
1769659532309	Marionette	INFO	Listening on port 65253
WebDriver BiDi listening on ws://127.0.0.1:65246
Read port: 65253
1769659532417	RemoteAgent	WARN	TLS certificate errors will be ignored for this session
1769659728215	geckodriver	INFO	Listening on 127.0.0.1:65426
1769659731234	mozrunner::runner	INFO	Running command: "C:\\Users\\Yusuf\\.cache\\selenium\\firefox\\win64\\147.0.2\\firefox.exe" "--marionette" "--remote-debuggin ... 7" "--remote-allow-hosts" "localhost" "-no-remote" "-profile" "C:\\Users\\Yusuf\\AppData\\Local\\Temp\\rust_mozprofileH0LIfN"
console.warn: services.settings: Ignoring preference override of remote settings server
console.warn: services.settings: Allow by setting MOZ_REMOTE_SETTINGS_DEVTOOLS=1 in the environment
Dynamically enable window occlusion 0
1769659731436	Marionette	INFO	Marionette enabled
1769659731509	Marionette	INFO	Listening on port 65435
WebDriver BiDi listening on ws://127.0.0.1:65427
Read port: 65435
1769659731623	RemoteAgent	WARN	TLS certificate errors will be ignored for this session
1769659738300	Marionette	INFO	Stopped listening on port 65435
JavaScript error: resource://gre/modules/PrivateBrowsingUtils.sys.mjs, line 19: TypeError: can't access property "isChromeWindow", aWindow is null
Dynamically enable window occlusion 1
console.warn: TopSitesFeed: Failed to fetch data from MARS server: NetworkError when attempting to fetch resource.
1769659748783	geckodriver	INFO	Listening on 127.0.0.1:65454
1769659751847	mozrunner::runner	INFO	Running command: "C:\\Users\\Yusuf\\.cache\\selenium\\firefox\\win64\\147.0.2\\firefox.exe" "--marionette" "--remote-debuggin ... 5" "--remote-allow-hosts" "localhost" "-no-remote" "-profile" "C:\\Users\\Yusuf\\AppData\\Local\\Temp\\rust_mozprofilei5A74G"
console.warn: services.settings: Ignoring preference override of remote settings server
console.warn: services.settings: Allow by setting MOZ_REMOTE_SETTINGS_DEVTOOLS=1 in the environment
Dynamically enable window occlusion 0
1769659752046	Marionette	INFO	Marionette enabled
1769659752118	Marionette	INFO	Listening on port 65463
WebDriver BiDi listening on ws://127.0.0.1:65455
Read port: 65463
1769659752224	RemoteAgent	WARN	TLS certificate errors will be ignored for this session
1769659892747	geckodriver	INFO	Listening on 127.0.0.1:65529
1769659895796	mozrunner::runner	INFO	Running command: "C:\\Users\\Yusuf\\.cache\\selenium\\firefox\\win64\\147.0.2\\firefox.exe" "--marionette" "--remote-debuggin ... 0" "--remote-allow-hosts" "localhost" "-no-remote" "-profile" "C:\\Users\\Yusuf\\AppData\\Local\\Temp\\rust_mozprofileNr6Z5y"
console.warn: services.settings: Ignoring preference override of remote settings server
console.warn: services.settings: Allow by setting MOZ_REMOTE_SETTINGS_DEVTOOLS=1 in the environment
Dynamically enable window occlusion 0
1769659896015	Marionette	INFO	Marionette enabled
1769659896088	Marionette	INFO	Listening on port 49154
WebDriver BiDi listening on ws://127.0.0.1:65530
Read port: 49154
1769659896172	RemoteAgent	WARN	TLS certificate errors will be ignored for this session
1769702498093	geckodriver	INFO	Listening on 127.0.0.1:59741
1769702501147	mozrunner::runner	INFO	Running command: "C:\\Users\\Yusuf\\.cache\\selenium\\firefox\\win64\\147.0.2\\firefox.exe" "--marionette" "--remote-debuggin ... 2" "--remote-allow-hosts" "localhost" "-no-remote" "-profile" "C:\\Users\\Yusuf\\AppData\\Local\\Temp\\rust_mozprofilepWSigk"
console.warn: services.settings: Ignoring preference override of remote settings server
console.warn: services.settings: Allow by setting MOZ_REMOTE_SETTINGS_DEVTOOLS=1 in the environment
Dynamically enable window occlusion 0
1769702501358	Marionette	INFO	Marionette enabled
1769702501431	Marionette	INFO	Listening on port 59751
WebDriver BiDi listening on ws://127.0.0.1:59742
Read port: 59751
1769702501511	RemoteAgent	WARN	TLS certificate errors will be ignored for this session
1769734521808	geckodriver	INFO	Listening on 127.0.0.1:51751
1769734524895	mozrunner::runner	INFO	Running command: "C:\\Users\\Yusuf\\.cache\\selenium\\firefox\\win64\\147.0.2\\firefox.exe" "--marionette" "--remote-debuggin ... 2" "--remote-allow-hosts" "localhost" "-no-remote" "-profile" "C:\\Users\\Yusuf\\AppData\\Local\\Temp\\rust_mozprofilelbWJnY"
console.warn: services.settings: Ignoring preference override of remote settings server
console.warn: services.settings: Allow by setting MOZ_REMOTE_SETTINGS_DEVTOOLS=1 in the environment
Dynamically enable window occlusion 0
1769734525125	Marionette	INFO	Marionette enabled
1769734525198	Marionette	INFO	Listening on port 51761
WebDriver BiDi listening on ws://127.0.0.1:51752
Read port: 51761
1769734525279	RemoteAgent	WARN	TLS certificate errors will be ignored for this session
1769734567271	geckodriver	INFO	Listening on 127.0.0.1:51802
1769734570298	mozrunner::runner	INFO	Running command: "C:\\Users\\Yusuf\\.cache\\selenium\\firefox\\win64\\147.0.2\\firefox.exe" "--marionette" "--remote-debuggin ... 3" "--remote-allow-hosts" "localhost" "-no-remote" "-profile" "C:\\Users\\Yusuf\\AppData\\Local\\Temp\\rust_mozprofile210SGU"
console.warn: services.settings: Ignoring preference override of remote settings server
console.warn: services.settings: Allow by setting MOZ_REMOTE_SETTINGS_DEVTOOLS=1 in the environment
Dynamically enable window occlusion 0
1769734570503	Marionette	INFO	Marionette enabled
1769734570608	Marionette	INFO	Listening on port 51810
WebDriver BiDi listening on ws://127.0.0.1:51803
Read port: 51810
1769734570698	RemoteAgent	WARN	TLS certificate errors will be ignored for this session
1769734897408	geckodriver	INFO	Listening on 127.0.0.1:51941
1769734900440	mozrunner::runner	INFO	Running command: "C:\\Users\\Yusuf\\.cache\\selenium\\firefox\\win64\\147.0.2\\firefox.exe" "--marionette" "--remote-debuggin ... 2" "--remote-allow-hosts" "localhost" "-no-remote" "-profile" "C:\\Users\\Yusuf\\AppData\\Local\\Temp\\rust_mozprofilehUUYcb"
console.warn: services.settings: Ignoring preference override of remote settings server
console.warn: services.settings: Allow by setting MOZ_REMOTE_SETTINGS_DEVTOOLS=1 in the environment
Dynamically enable window occlusion 0
1769734900660	Marionette	INFO	Marionette enabled
1769734900736	Marionette	INFO	Listening on port 51958
WebDriver BiDi listening on ws://127.0.0.1:51942
Read port: 51958
1769734900819	RemoteAgent	WARN	TLS certificate errors will be ignored for this session
JavaScript error: , line 0: NS_ERROR_NOT_AVAILABLE
JavaScript error: , line 0: NS_ERROR_NOT_AVAILABLE
JavaScript error: , line 0: NS_ERROR_NOT_AVAILABLE
JavaScript error: , line 0: NotFoundError: Could not move `C:\Users\Yusuf\AppData\Local\Temp\rust_mozprofilehUUYcb\bookmarkbackups\bookmarks-2026-02-02_10_xDB0x3uwfC8r-GaFzMH1gr3aZLqIr8X3E3CmWeDhViY=.jsonlz4' to `C:\Users\Yusuf\AppData\Local\Temp\rust_mozprofilehUUYcb\bookmarkbackups\bookmarks-2026-02-03_10_xDB0x3uwfC8r-GaFzMH1gr3aZLqIr8X3E3CmWeDhViY=.jsonlz4': source file does not exist (NS_ERROR_FILE_NOT_FOUND)
JavaScript error: , line 0: NS_ERROR_NOT_AVAILABLE
1770239736698	geckodriver	INFO	Listening on 127.0.0.1:64109
1770239739795	mozrunner::runner	INFO	Running command: "C:\\Users\\Yusuf\\.cache\\selenium\\firefox\\win64\\147.0.3\\firefox.exe" "--marionette" "--remote-debuggin ... 0" "--remote-allow-hosts" "localhost" "-no-remote" "-profile" "C:\\Users\\Yusuf\\AppData\\Local\\Temp\\rust_mozprofileW253jB"
console.warn: services.settings: Ignoring preference override of remote settings server
console.warn: services.settings: Allow by setting MOZ_REMOTE_SETTINGS_DEVTOOLS=1 in the environment
Dynamically enable window occlusion 0
1770239740414	Marionette	INFO	Marionette enabled
1770239740485	Marionette	INFO	Listening on port 64125
WebDriver BiDi listening on ws://127.0.0.1:64110
Read port: 64125
1770239740658	RemoteAgent	WARN	TLS certificate errors will be ignored for this session
JavaScript error: , line 0: NS_ERROR_NOT_AVAILABLE
1770348105042	geckodriver	INFO	Listening on 127.0.0.1:58066
1770348108120	mozrunner::runner	INFO	Running command: "C:\\Users\\Yusuf\\.cache\\selenium\\firefox\\win64\\147.0.3\\firefox.exe" "--marionette" "--remote-debuggin ... 7" "--remote-allow-hosts" "localhost" "-no-remote" "-profile" "C:\\Users\\Yusuf\\AppData\\Local\\Temp\\rust_mozprofileQAzXsj"
console.warn: services.settings: Ignoring preference override of remote settings server
console.warn: services.settings: Allow by setting MOZ_REMOTE_SETTINGS_DEVTOOLS=1 in the environment
Dynamically enable window occlusion 0
1770348108380	Marionette	INFO	Marionette enabled
1770348108457	Marionette	INFO	Listening on port 58076
WebDriver BiDi listening on ws://127.0.0.1:58067
Read port: 58076
1770348108654	RemoteAgent	WARN	TLS certificate errors will be ignored for this session
1770348163679	geckodriver	INFO	Listening on 127.0.0.1:58141
1770348166730	mozrunner::runner	INFO	Running command: "C:\\Users\\Yusuf\\.cache\\selenium\\firefox\\win64\\147.0.3\\firefox.exe" "--marionette" "--remote-debuggin ... 2" "--remote-allow-hosts" "localhost" "-no-remote" "-profile" "C:\\Users\\Yusuf\\AppData\\Local\\Temp\\rust_mozprofilezsz7Wi"
console.warn: services.settings: Ignoring preference override of remote settings server
console.warn: services.settings: Allow by setting MOZ_REMOTE_SETTINGS_DEVTOOLS=1 in the environment
Dynamically enable window occlusion 0
1770348166939	Marionette	INFO	Marionette enabled
1770348167011	Marionette	INFO	Listening on port 58149
WebDriver BiDi listening on ws://127.0.0.1:58142
Read port: 58149
1770348167120	RemoteAgent	WARN	TLS certificate errors will be ignored for this session
1770348264216	geckodriver	INFO	Listening on 127.0.0.1:58238
1770348267255	mozrunner::runner	INFO	Running command: "C:\\Users\\Yusuf\\.cache\\selenium\\firefox\\win64\\147.0.3\\firefox.exe" "--marionette" "--remote-debuggin ... 9" "--remote-allow-hosts" "localhost" "-no-remote" "-profile" "C:\\Users\\Yusuf\\AppData\\Local\\Temp\\rust_mozprofiletimS35"
console.warn: services.settings: Ignoring preference override of remote settings server
console.warn: services.settings: Allow by setting MOZ_REMOTE_SETTINGS_DEVTOOLS=1 in the environment
Dynamically enable window occlusion 0
1770348267467	Marionette	INFO	Marionette enabled
1770348267543	Marionette	INFO	Listening on port 58246
WebDriver BiDi listening on ws://127.0.0.1:58239
Read port: 58246
1770348267627	RemoteAgent	WARN	TLS certificate errors will be ignored for this session
